<?xml version="1.0" encoding="UTF-8"?>
<testsuite xmlns:xsi="http://www.w3.org/2001/XMLSchema-instance" xsi:noNamespaceSchemaLocation="https://maven.apache.org/surefire/maven-surefire-plugin/xsd/surefire-test-report-3.0.xsd" version="3.0" name="TestSuite" time="5.472" tests="9" errors="0" skipped="0" failures="0">
  <properties>
    <property name="java.specification.version" value="20"/>
    <property name="sun.jnu.encoding" value="UTF-8"/>
    <property name="java.class.path" value="/Users/vaibhavsrivastava/eclipse-workspace/ContainerizeService/target/test-classes:/Users/vaibhavsrivastava/eclipse-workspace/ContainerizeService/target/classes:/Users/vaibhavsrivastava/.m2/repository/org/testng/testng/7.9.0/testng-7.9.0.jar:/Users/vaibhavsrivastava/.m2/repository/org/slf4j/slf4j-api/1.7.36/slf4j-api-1.7.36.jar:/Users/vaibhavsrivastava/.m2/repository/com/beust/jcommander/1.82/jcommander-1.82.jar:/Users/vaibhavsrivastava/.m2/repository/org/webjars/jquery/3.7.1/jquery-3.7.1.jar:/Users/vaibhavsrivastava/.m2/repository/io/rest-assured/rest-assured/5.4.0/rest-assured-5.4.0.jar:/Users/vaibhavsrivastava/.m2/repository/org/apache/groovy/groovy/4.0.16/groovy-4.0.16.jar:/Users/vaibhavsrivastava/.m2/repository/org/apache/groovy/groovy-xml/4.0.16/groovy-xml-4.0.16.jar:/Users/vaibhavsrivastava/.m2/repository/org/apache/httpcomponents/httpclient/4.5.13/httpclient-4.5.13.jar:/Users/vaibhavsrivastava/.m2/repository/org/apache/httpcomponents/httpcore/4.4.13/httpcore-4.4.13.jar:/Users/vaibhavsrivastava/.m2/repository/commons-logging/commons-logging/1.2/commons-logging-1.2.jar:/Users/vaibhavsrivastava/.m2/repository/commons-codec/commons-codec/1.11/commons-codec-1.11.jar:/Users/vaibhavsrivastava/.m2/repository/org/apache/httpcomponents/httpmime/4.5.13/httpmime-4.5.13.jar:/Users/vaibhavsrivastava/.m2/repository/org/hamcrest/hamcrest/2.2/hamcrest-2.2.jar:/Users/vaibhavsrivastava/.m2/repository/org/ccil/cowan/tagsoup/tagsoup/1.2.1/tagsoup-1.2.1.jar:/Users/vaibhavsrivastava/.m2/repository/io/rest-assured/json-path/5.4.0/json-path-5.4.0.jar:/Users/vaibhavsrivastava/.m2/repository/org/apache/groovy/groovy-json/4.0.16/groovy-json-4.0.16.jar:/Users/vaibhavsrivastava/.m2/repository/io/rest-assured/rest-assured-common/5.4.0/rest-assured-common-5.4.0.jar:/Users/vaibhavsrivastava/.m2/repository/io/rest-assured/xml-path/5.4.0/xml-path-5.4.0.jar:/Users/vaibhavsrivastava/.m2/repository/org/apache/commons/commons-lang3/3.11/commons-lang3-3.11.jar:/Users/vaibhavsrivastava/.m2/repository/com/fasterxml/jackson/core/jackson-databind/2.16.1/jackson-databind-2.16.1.jar:/Users/vaibhavsrivastava/.m2/repository/com/fasterxml/jackson/core/jackson-annotations/2.16.1/jackson-annotations-2.16.1.jar:/Users/vaibhavsrivastava/.m2/repository/com/fasterxml/jackson/core/jackson-core/2.16.1/jackson-core-2.16.1.jar:/Users/vaibhavsrivastava/.m2/repository/com/jayway/jsonpath/json-path/2.9.0/json-path-2.9.0.jar:/Users/vaibhavsrivastava/.m2/repository/net/minidev/json-smart/2.5.0/json-smart-2.5.0.jar:/Users/vaibhavsrivastava/.m2/repository/net/minidev/accessors-smart/2.5.0/accessors-smart-2.5.0.jar:/Users/vaibhavsrivastava/.m2/repository/org/ow2/asm/asm/9.3/asm-9.3.jar:/Users/vaibhavsrivastava/.m2/repository/org/projectlombok/lombok/1.18.30/lombok-1.18.30.jar:/Users/vaibhavsrivastava/.m2/repository/io/rest-assured/json-schema-validator/5.4.0/json-schema-validator-5.4.0.jar:/Users/vaibhavsrivastava/.m2/repository/com/github/java-json-tools/json-schema-validator/2.2.14/json-schema-validator-2.2.14.jar:/Users/vaibhavsrivastava/.m2/repository/com/github/java-json-tools/jackson-coreutils-equivalence/1.0/jackson-coreutils-equivalence-1.0.jar:/Users/vaibhavsrivastava/.m2/repository/com/github/java-json-tools/jackson-coreutils/2.0/jackson-coreutils-2.0.jar:/Users/vaibhavsrivastava/.m2/repository/com/github/java-json-tools/msg-simple/1.2/msg-simple-1.2.jar:/Users/vaibhavsrivastava/.m2/repository/com/github/java-json-tools/btf/1.3/btf-1.3.jar:/Users/vaibhavsrivastava/.m2/repository/com/github/java-json-tools/json-schema-core/1.2.14/json-schema-core-1.2.14.jar:/Users/vaibhavsrivastava/.m2/repository/com/github/java-json-tools/uri-template/0.10/uri-template-0.10.jar:/Users/vaibhavsrivastava/.m2/repository/org/mozilla/rhino/1.7.7.2/rhino-1.7.7.2.jar:/Users/vaibhavsrivastava/.m2/repository/com/sun/mail/mailapi/1.6.2/mailapi-1.6.2.jar:/Users/vaibhavsrivastava/.m2/repository/joda-time/joda-time/2.10.5/joda-time-2.10.5.jar:/Users/vaibhavsrivastava/.m2/repository/com/googlecode/libphonenumber/libphonenumber/8.11.1/libphonenumber-8.11.1.jar:/Users/vaibhavsrivastava/.m2/repository/com/google/code/findbugs/jsr305/3.0.2/jsr305-3.0.2.jar:/Users/vaibhavsrivastava/.m2/repository/net/sf/jopt-simple/jopt-simple/5.0.4/jopt-simple-5.0.4.jar:/Users/vaibhavsrivastava/.m2/repository/com/google/guava/guava/32.0.1-jre/guava-32.0.1-jre.jar:/Users/vaibhavsrivastava/.m2/repository/com/google/guava/failureaccess/1.0.1/failureaccess-1.0.1.jar:/Users/vaibhavsrivastava/.m2/repository/com/google/guava/listenablefuture/9999.0-empty-to-avoid-conflict-with-guava/listenablefuture-9999.0-empty-to-avoid-conflict-with-guava.jar:/Users/vaibhavsrivastava/.m2/repository/org/checkerframework/checker-qual/3.33.0/checker-qual-3.33.0.jar:/Users/vaibhavsrivastava/.m2/repository/com/google/errorprone/error_prone_annotations/2.18.0/error_prone_annotations-2.18.0.jar:/Users/vaibhavsrivastava/.m2/repository/com/google/j2objc/j2objc-annotations/2.8/j2objc-annotations-2.8.jar:/Users/vaibhavsrivastava/.m2/repository/io/qameta/allure/allure-rest-assured/2.25.0/allure-rest-assured-2.25.0.jar:/Users/vaibhavsrivastava/.m2/repository/io/qameta/allure/allure-attachments/2.25.0/allure-attachments-2.25.0.jar:/Users/vaibhavsrivastava/.m2/repository/io/qameta/allure/allure-testng/2.25.0/allure-testng-2.25.0.jar:/Users/vaibhavsrivastava/.m2/repository/io/qameta/allure/allure-java-commons/2.25.0/allure-java-commons-2.25.0.jar:/Users/vaibhavsrivastava/.m2/repository/io/qameta/allure/allure-model/2.25.0/allure-model-2.25.0.jar:/Users/vaibhavsrivastava/.m2/repository/io/qameta/allure/allure-test-filter/2.25.0/allure-test-filter-2.25.0.jar:/Users/vaibhavsrivastava/.m2/repository/com/aventstack/extentreports/5.0.8/extentreports-5.0.8.jar:/Users/vaibhavsrivastava/.m2/repository/io/reactivex/rxjava3/rxjava/3.0.4/rxjava-3.0.4.jar:/Users/vaibhavsrivastava/.m2/repository/org/reactivestreams/reactive-streams/1.0.3/reactive-streams-1.0.3.jar:/Users/vaibhavsrivastava/.m2/repository/org/freemarker/freemarker/2.3.30/freemarker-2.3.30.jar:/Users/vaibhavsrivastava/.m2/repository/com/google/code/gson/gson/2.8.6/gson-2.8.6.jar:"/>
    <property name="java.vm.vendor" value="Homebrew"/>
    <property name="sun.arch.data.model" value="64"/>
    <property name="java.vendor.url" value="https://github.com/Homebrew/homebrew-core/issues"/>
    <property name="user.timezone" value="Asia/Kolkata"/>
    <property name="os.name" value="Mac OS X"/>
    <property name="java.vm.specification.version" value="20"/>
    <property name="sun.java.launcher" value="SUN_STANDARD"/>
    <property name="user.country" value="IN"/>
    <property name="sun.boot.library.path" value="/opt/homebrew/Cellar/openjdk/20.0.1/libexec/openjdk.jdk/Contents/Home/lib"/>
    <property name="sun.java.command" value="/Users/vaibhavsrivastava/eclipse-workspace/ContainerizeService/target/surefire/surefirebooter-20240323163439698_3.jar /Users/vaibhavsrivastava/eclipse-workspace/ContainerizeService/target/surefire 2024-03-23T16-34-39_647-jvmRun1 surefire-20240323163439698_1tmp surefire_0-20240323163439698_2tmp"/>
    <property name="http.nonProxyHosts" value="local|*.local|169.254/16|*.169.254/16"/>
    <property name="jdk.debug" value="release"/>
    <property name="surefire.test.class.path" value="/Users/vaibhavsrivastava/eclipse-workspace/ContainerizeService/target/test-classes:/Users/vaibhavsrivastava/eclipse-workspace/ContainerizeService/target/classes:/Users/vaibhavsrivastava/.m2/repository/org/testng/testng/7.9.0/testng-7.9.0.jar:/Users/vaibhavsrivastava/.m2/repository/org/slf4j/slf4j-api/1.7.36/slf4j-api-1.7.36.jar:/Users/vaibhavsrivastava/.m2/repository/com/beust/jcommander/1.82/jcommander-1.82.jar:/Users/vaibhavsrivastava/.m2/repository/org/webjars/jquery/3.7.1/jquery-3.7.1.jar:/Users/vaibhavsrivastava/.m2/repository/io/rest-assured/rest-assured/5.4.0/rest-assured-5.4.0.jar:/Users/vaibhavsrivastava/.m2/repository/org/apache/groovy/groovy/4.0.16/groovy-4.0.16.jar:/Users/vaibhavsrivastava/.m2/repository/org/apache/groovy/groovy-xml/4.0.16/groovy-xml-4.0.16.jar:/Users/vaibhavsrivastava/.m2/repository/org/apache/httpcomponents/httpclient/4.5.13/httpclient-4.5.13.jar:/Users/vaibhavsrivastava/.m2/repository/org/apache/httpcomponents/httpcore/4.4.13/httpcore-4.4.13.jar:/Users/vaibhavsrivastava/.m2/repository/commons-logging/commons-logging/1.2/commons-logging-1.2.jar:/Users/vaibhavsrivastava/.m2/repository/commons-codec/commons-codec/1.11/commons-codec-1.11.jar:/Users/vaibhavsrivastava/.m2/repository/org/apache/httpcomponents/httpmime/4.5.13/httpmime-4.5.13.jar:/Users/vaibhavsrivastava/.m2/repository/org/hamcrest/hamcrest/2.2/hamcrest-2.2.jar:/Users/vaibhavsrivastava/.m2/repository/org/ccil/cowan/tagsoup/tagsoup/1.2.1/tagsoup-1.2.1.jar:/Users/vaibhavsrivastava/.m2/repository/io/rest-assured/json-path/5.4.0/json-path-5.4.0.jar:/Users/vaibhavsrivastava/.m2/repository/org/apache/groovy/groovy-json/4.0.16/groovy-json-4.0.16.jar:/Users/vaibhavsrivastava/.m2/repository/io/rest-assured/rest-assured-common/5.4.0/rest-assured-common-5.4.0.jar:/Users/vaibhavsrivastava/.m2/repository/io/rest-assured/xml-path/5.4.0/xml-path-5.4.0.jar:/Users/vaibhavsrivastava/.m2/repository/org/apache/commons/commons-lang3/3.11/commons-lang3-3.11.jar:/Users/vaibhavsrivastava/.m2/repository/com/fasterxml/jackson/core/jackson-databind/2.16.1/jackson-databind-2.16.1.jar:/Users/vaibhavsrivastava/.m2/repository/com/fasterxml/jackson/core/jackson-annotations/2.16.1/jackson-annotations-2.16.1.jar:/Users/vaibhavsrivastava/.m2/repository/com/fasterxml/jackson/core/jackson-core/2.16.1/jackson-core-2.16.1.jar:/Users/vaibhavsrivastava/.m2/repository/com/jayway/jsonpath/json-path/2.9.0/json-path-2.9.0.jar:/Users/vaibhavsrivastava/.m2/repository/net/minidev/json-smart/2.5.0/json-smart-2.5.0.jar:/Users/vaibhavsrivastava/.m2/repository/net/minidev/accessors-smart/2.5.0/accessors-smart-2.5.0.jar:/Users/vaibhavsrivastava/.m2/repository/org/ow2/asm/asm/9.3/asm-9.3.jar:/Users/vaibhavsrivastava/.m2/repository/org/projectlombok/lombok/1.18.30/lombok-1.18.30.jar:/Users/vaibhavsrivastava/.m2/repository/io/rest-assured/json-schema-validator/5.4.0/json-schema-validator-5.4.0.jar:/Users/vaibhavsrivastava/.m2/repository/com/github/java-json-tools/json-schema-validator/2.2.14/json-schema-validator-2.2.14.jar:/Users/vaibhavsrivastava/.m2/repository/com/github/java-json-tools/jackson-coreutils-equivalence/1.0/jackson-coreutils-equivalence-1.0.jar:/Users/vaibhavsrivastava/.m2/repository/com/github/java-json-tools/jackson-coreutils/2.0/jackson-coreutils-2.0.jar:/Users/vaibhavsrivastava/.m2/repository/com/github/java-json-tools/msg-simple/1.2/msg-simple-1.2.jar:/Users/vaibhavsrivastava/.m2/repository/com/github/java-json-tools/btf/1.3/btf-1.3.jar:/Users/vaibhavsrivastava/.m2/repository/com/github/java-json-tools/json-schema-core/1.2.14/json-schema-core-1.2.14.jar:/Users/vaibhavsrivastava/.m2/repository/com/github/java-json-tools/uri-template/0.10/uri-template-0.10.jar:/Users/vaibhavsrivastava/.m2/repository/org/mozilla/rhino/1.7.7.2/rhino-1.7.7.2.jar:/Users/vaibhavsrivastava/.m2/repository/com/sun/mail/mailapi/1.6.2/mailapi-1.6.2.jar:/Users/vaibhavsrivastava/.m2/repository/joda-time/joda-time/2.10.5/joda-time-2.10.5.jar:/Users/vaibhavsrivastava/.m2/repository/com/googlecode/libphonenumber/libphonenumber/8.11.1/libphonenumber-8.11.1.jar:/Users/vaibhavsrivastava/.m2/repository/com/google/code/findbugs/jsr305/3.0.2/jsr305-3.0.2.jar:/Users/vaibhavsrivastava/.m2/repository/net/sf/jopt-simple/jopt-simple/5.0.4/jopt-simple-5.0.4.jar:/Users/vaibhavsrivastava/.m2/repository/com/google/guava/guava/32.0.1-jre/guava-32.0.1-jre.jar:/Users/vaibhavsrivastava/.m2/repository/com/google/guava/failureaccess/1.0.1/failureaccess-1.0.1.jar:/Users/vaibhavsrivastava/.m2/repository/com/google/guava/listenablefuture/9999.0-empty-to-avoid-conflict-with-guava/listenablefuture-9999.0-empty-to-avoid-conflict-with-guava.jar:/Users/vaibhavsrivastava/.m2/repository/org/checkerframework/checker-qual/3.33.0/checker-qual-3.33.0.jar:/Users/vaibhavsrivastava/.m2/repository/com/google/errorprone/error_prone_annotations/2.18.0/error_prone_annotations-2.18.0.jar:/Users/vaibhavsrivastava/.m2/repository/com/google/j2objc/j2objc-annotations/2.8/j2objc-annotations-2.8.jar:/Users/vaibhavsrivastava/.m2/repository/io/qameta/allure/allure-rest-assured/2.25.0/allure-rest-assured-2.25.0.jar:/Users/vaibhavsrivastava/.m2/repository/io/qameta/allure/allure-attachments/2.25.0/allure-attachments-2.25.0.jar:/Users/vaibhavsrivastava/.m2/repository/io/qameta/allure/allure-testng/2.25.0/allure-testng-2.25.0.jar:/Users/vaibhavsrivastava/.m2/repository/io/qameta/allure/allure-java-commons/2.25.0/allure-java-commons-2.25.0.jar:/Users/vaibhavsrivastava/.m2/repository/io/qameta/allure/allure-model/2.25.0/allure-model-2.25.0.jar:/Users/vaibhavsrivastava/.m2/repository/io/qameta/allure/allure-test-filter/2.25.0/allure-test-filter-2.25.0.jar:/Users/vaibhavsrivastava/.m2/repository/com/aventstack/extentreports/5.0.8/extentreports-5.0.8.jar:/Users/vaibhavsrivastava/.m2/repository/io/reactivex/rxjava3/rxjava/3.0.4/rxjava-3.0.4.jar:/Users/vaibhavsrivastava/.m2/repository/org/reactivestreams/reactive-streams/1.0.3/reactive-streams-1.0.3.jar:/Users/vaibhavsrivastava/.m2/repository/org/freemarker/freemarker/2.3.30/freemarker-2.3.30.jar:/Users/vaibhavsrivastava/.m2/repository/com/google/code/gson/gson/2.8.6/gson-2.8.6.jar:"/>
    <property name="sun.cpu.endian" value="little"/>
    <property name="user.home" value="/Users/vaibhavsrivastava"/>
    <property name="user.language" value="en"/>
    <property name="java.specification.vendor" value="Oracle Corporation"/>
    <property name="java.version.date" value="2023-04-18"/>
    <property name="java.home" value="/opt/homebrew/Cellar/openjdk/20.0.1/libexec/openjdk.jdk/Contents/Home"/>
    <property name="file.separator" value="/"/>
    <property name="basedir" value="/Users/vaibhavsrivastava/eclipse-workspace/ContainerizeService"/>
    <property name="java.vm.compressedOopsMode" value="Zero based"/>
    <property name="line.separator" value="&#10;"/>
    <property name="java.vm.specification.vendor" value="Oracle Corporation"/>
    <property name="java.specification.name" value="Java Platform API Specification"/>
    <property name="apple.awt.application.name" value="ForkedBooter"/>
    <property name="surefire.real.class.path" value="/Users/vaibhavsrivastava/eclipse-workspace/ContainerizeService/target/surefire/surefirebooter-20240323163439698_3.jar"/>
    <property name="sun.management.compiler" value="HotSpot 64-Bit Tiered Compilers"/>
    <property name="ftp.nonProxyHosts" value="local|*.local|169.254/16|*.169.254/16"/>
    <property name="java.runtime.version" value="20.0.1"/>
    <property name="user.name" value="vaibhavsrivastava"/>
    <property name="stdout.encoding" value="UTF-8"/>
    <property name="path.separator" value=":"/>
    <property name="os.version" value="13.1"/>
    <property name="java.runtime.name" value="OpenJDK Runtime Environment"/>
    <property name="file.encoding" value="UTF-8"/>
    <property name="java.vm.name" value="OpenJDK 64-Bit Server VM"/>
    <property name="java.vendor.version" value="Homebrew"/>
    <property name="localRepository" value="/Users/vaibhavsrivastava/.m2/repository"/>
    <property name="java.vendor.url.bug" value="https://github.com/Homebrew/homebrew-core/issues"/>
    <property name="java.io.tmpdir" value="/var/folders/cw/bc5w86mn5lg9vhs1mcm75rl40000gn/T/"/>
    <property name="java.version" value="20.0.1"/>
    <property name="user.dir" value="/Users/vaibhavsrivastava/eclipse-workspace/ContainerizeService"/>
    <property name="os.arch" value="aarch64"/>
    <property name="java.vm.specification.name" value="Java Virtual Machine Specification"/>
    <property name="native.encoding" value="UTF-8"/>
    <property name="java.library.path" value="/Users/vaibhavsrivastava/Library/Java/Extensions:/Library/Java/Extensions:/Network/Library/Java/Extensions:/System/Library/Java/Extensions:/usr/lib/java:."/>
    <property name="java.vm.info" value="mixed mode, sharing"/>
    <property name="stderr.encoding" value="UTF-8"/>
    <property name="java.vendor" value="Homebrew"/>
    <property name="java.vm.version" value="20.0.1"/>
    <property name="sun.io.unicode.encoding" value="UnicodeBig"/>
    <property name="socksNonProxyHosts" value="local|*.local|169.254/16|*.169.254/16"/>
    <property name="java.class.version" value="64.0"/>
  </properties>
  <testcase name="EndToEndFlowTest[shiv, shakti](1)" classname="com.qa.service.tests.shoppingAppTest" time="5.098">
    <system-out><![CDATA[user login with credentials : shiv  shakti
user search product : macbook
user adds product to cart : macbook added
user selected payment mode : UPI
user made payment successfully : UPI payment successfull !!!!
Order ID generated : 8cd5f1d13997408dad13c3041a419ffc
LogOut successfull
]]></system-out>
    <system-err><![CDATA[SLF4J: Failed to load class "org.slf4j.impl.StaticLoggerBinder".
SLF4J: Defaulting to no-operation (NOP) logger implementation
SLF4J: See http://www.slf4j.org/codes.html#StaticLoggerBinder for further details.
]]></system-err>
  </testcase>
  <testcase name="EndToEndFlowTest[Radha, Krishna](2)" classname="com.qa.service.tests.shoppingAppTest" time="0.001">
    <system-out><![CDATA[user login with credentials : Radha  Krishna
user search product : macbook
user adds product to cart : macbook added
user selected payment mode : UPI
user made payment successfully : UPI payment successfull !!!!
Order ID generated : 8cd5f1d13997408dad13c3041a419ffc
LogOut successfull
]]></system-out>
  </testcase>
  <testcase name="EndToEndFlowTest[Sita, Ram](3)" classname="com.qa.service.tests.shoppingAppTest" time="0.0">
    <system-out><![CDATA[user login with credentials : Sita  Ram
user search product : macbook
user adds product to cart : macbook added
user selected payment mode : UPI
user made payment successfully : UPI payment successfull !!!!
Order ID generated : 8cd5f1d13997408dad13c3041a419ffc
LogOut successfull
]]></system-out>
  </testcase>
  <testcase name="EndToEndFlowTestTwo[shiv, shakti](1)" classname="com.qa.service.tests.shoppingAppTest" time="0.0">
    <system-out><![CDATA[user login with credentials : shiv  shakti
user search product : iPhone
user adds product to cart : iPhone added
user selected payment mode : UPI
user made payment successfully : UPI payment successfull !!!!
Order ID generated : 8cd5f1d13997408dad13c3041a419ffc
LogOut successfull
]]></system-out>
  </testcase>
  <testcase name="EndToEndFlowTestTwo[Radha, Krishna](2)" classname="com.qa.service.tests.shoppingAppTest" time="0.003">
    <system-out><![CDATA[user login with credentials : Radha  Krishna
user search product : iPhone
user adds product to cart : iPhone added
user selected payment mode : UPI
user made payment successfully : UPI payment successfull !!!!
Order ID generated : 8cd5f1d13997408dad13c3041a419ffc
LogOut successfull
]]></system-out>
  </testcase>
  <testcase name="EndToEndFlowTestTwo[Sita, Ram](3)" classname="com.qa.service.tests.shoppingAppTest" time="0.002">
    <system-out><![CDATA[user login with credentials : Sita  Ram
user search product : iPhone
user adds product to cart : iPhone added
user selected payment mode : UPI
user made payment successfully : UPI payment successfull !!!!
Order ID generated : 8cd5f1d13997408dad13c3041a419ffc
LogOut successfull
]]></system-out>
  </testcase>
  <testcase name="EndToEndFlowTestThree[shiv, shakti](1)" classname="com.qa.service.tests.shoppingAppTest" time="0.002">
    <system-out><![CDATA[user login with credentials : shiv  shakti
user search product : Kurta
user adds product to cart : Kurta added
user selected payment mode : UPI
user made payment successfully : UPI payment successfull !!!!
Order ID generated : 8cd5f1d13997408dad13c3041a419ffc
LogOut successfull
]]></system-out>
  </testcase>
  <testcase name="EndToEndFlowTestThree[Radha, Krishna](2)" classname="com.qa.service.tests.shoppingAppTest" time="0.001">
    <system-out><![CDATA[user login with credentials : Radha  Krishna
user search product : Kurta
user adds product to cart : Kurta added
user selected payment mode : UPI
user made payment successfully : UPI payment successfull !!!!
Order ID generated : 8cd5f1d13997408dad13c3041a419ffc
LogOut successfull
]]></system-out>
  </testcase>
  <testcase name="EndToEndFlowTestThree[Sita, Ram](3)" classname="com.qa.service.tests.shoppingAppTest" time="0.004">
    <system-out><![CDATA[user login with credentials : Sita  Ram
user search product : Kurta
user adds product to cart : Kurta added
user selected payment mode : UPI
user made payment successfully : UPI payment successfull !!!!
Order ID generated : 8cd5f1d13997408dad13c3041a419ffc
LogOut successfull
]]></system-out>
  </testcase>
</testsuite>