<?xml version="1.0" encoding="UTF-8"?>
<!-- Generated by org.testng.reporters.JUnitReportReporter -->
<testsuite hostname="Vaibhavs-MacBook-Air.local" failures="0" tests="9" name="com.qa.service.tests.shoppingAppTest" time="5.156" errors="0" timestamp="2024-03-23T16:31:49 IST" skipped="0">
  <testcase classname="com.qa.service.tests.shoppingAppTest" name="EndToEndFlowTest" time="5.117"/>
  <system-out/>
  <testcase classname="com.qa.service.tests.shoppingAppTest" name="EndToEndFlowTest" time="0.005"/>
  <system-out/>
  <testcase classname="com.qa.service.tests.shoppingAppTest" name="EndToEndFlowTest" time="0.005"/>
  <system-out/>
  <testcase classname="com.qa.service.tests.shoppingAppTest" name="EndToEndFlowTestTwo" time="0.004"/>
  <system-out/>
  <testcase classname="com.qa.service.tests.shoppingAppTest" name="EndToEndFlowTestTwo" time="0.010"/>
  <system-out/>
  <testcase classname="com.qa.service.tests.shoppingAppTest" name="EndToEndFlowTestTwo" time="0.002"/>
  <system-out/>
  <testcase classname="com.qa.service.tests.shoppingAppTest" name="EndToEndFlowTestThree" time="0.005"/>
  <system-out/>
  <testcase classname="com.qa.service.tests.shoppingAppTest" name="EndToEndFlowTestThree" time="0.002"/>
  <system-out/>
  <testcase classname="com.qa.service.tests.shoppingAppTest" name="EndToEndFlowTestThree" time="0.006"/>
  <system-out/>
</testsuite> <!-- com.qa.service.tests.shoppingAppTest -->
