<?xml version="1.0" encoding="UTF-8"?>
<!-- Generated by org.testng.reporters.JUnitReportReporter -->
<testsuite hostname="Vaibhavs-MacBook-Air.local" failures="0" tests="9" name="com.qa.service.tests.shoppingAppTest" time="5.064" errors="0" timestamp="2024-03-23T16:34:45 IST" skipped="0">
  <testcase classname="com.qa.service.tests.shoppingAppTest" name="EndToEndFlowTest" time="0.001"/>
  <testcase classname="com.qa.service.tests.shoppingAppTest" name="EndToEndFlowTest" time="0.001"/>
  <testcase classname="com.qa.service.tests.shoppingAppTest" name="EndToEndFlowTest" time="5.051"/>
  <testcase classname="com.qa.service.tests.shoppingAppTest" name="EndToEndFlowTestTwo" time="0.002"/>
  <testcase classname="com.qa.service.tests.shoppingAppTest" name="EndToEndFlowTestTwo" time="0.002"/>
  <testcase classname="com.qa.service.tests.shoppingAppTest" name="EndToEndFlowTestTwo" time="0.002"/>
  <testcase classname="com.qa.service.tests.shoppingAppTest" name="EndToEndFlowTestThree" time="0.001"/>
  <testcase classname="com.qa.service.tests.shoppingAppTest" name="EndToEndFlowTestThree" time="0.003"/>
  <testcase classname="com.qa.service.tests.shoppingAppTest" name="EndToEndFlowTestThree" time="0.001"/>
</testsuite> <!-- com.qa.service.tests.shoppingAppTest -->
